Using pre-set license
Built from '2021.1/staging' branch; Version is '2021.1.15f1 (e767a7370072) revision 15165351'; Using compiler version '192528614'; Build Type 'Release'
OS: 'Windows 10 Home; OS build 19044.1826; Version 2009; 64bit' Language: 'ru' Physical Memory: 6020 MB
BatchMode: 1, IsHumanControllingUs: 0, StartBugReporterOnCrash: 0, Is64bit: 1, IsPro: 0

 COMMAND LINE ARGUMENTS:
C:\Program Files\Unity\Hub\Editor\2021.1.15f1\Editor\Unity.exe
-adb2
-batchMode
-noUpm
-name
AssetImportWorker0
-projectPath
C:/Unity/Projects/HP1-Landing
-logFile
Logs/AssetImportWorker0.log
-srvPort
49336
Successfully changed project path to: C:/Unity/Projects/HP1-Landing
C:/Unity/Projects/HP1-Landing
Using Asset Import Pipeline V2.
Refreshing native plugins compatible for Editor in 81.10 ms, found 3 plugins.
Preloading 0 native plugins for Editor in 0.00 ms.
Initialize engine version: 2021.1.15f1 (e767a7370072)
[Subsystems] Discovering subsystems at path C:/Program Files/Unity/Hub/Editor/2021.1.15f1/Editor/Data/Resources/UnitySubsystems
[Subsystems] Discovering subsystems at path C:/Unity/Projects/HP1-Landing/Assets
GfxDevice: creating device client; threaded=0; jobified=0
Direct3D:
    Version:  Direct3D 11.0 [level 11.1]
    Renderer: AMD Radeon(TM) Vega 8 Graphics (ID=0x15d8)
    Vendor:   ATI
    VRAM:     3010 MB
    Driver:   26.20.14046.3
Initialize mono
Mono path[0] = 'C:/Program Files/Unity/Hub/Editor/2021.1.15f1/Editor/Data/Managed'
Mono path[1] = 'C:/Program Files/Unity/Hub/Editor/2021.1.15f1/Editor/Data/MonoBleedingEdge/lib/mono/unityjit'
Mono config path = 'C:/Program Files/Unity/Hub/Editor/2021.1.15f1/Editor/Data/MonoBleedingEdge/etc'
Using monoOptions --debugger-agent=transport=dt_socket,embedding=1,server=y,suspend=n,address=127.0.0.1:56988
Begin MonoManager ReloadAssembly
Registering precompiled unity dll's ...
Register platform support module: C:/Program Files/Unity/Hub/Editor/2021.1.15f1/Editor/Data/PlaybackEngines/WindowsStandaloneSupport/UnityEditor.WindowsStandalone.Extensions.dll
Registered in 0.007815 seconds.
Native extension for WindowsStandalone target not found
Refreshing native plugins compatible for Editor in 62.58 ms, found 3 plugins.
Preloading 0 native plugins for Editor in 0.00 ms.
Mono: successfully reloaded assembly
- Completed reload, in  2.630 seconds
Domain Reload Profiling:
	ReloadAssembly (2631ms)
		BeginReloadAssembly (146ms)
			ExecutionOrderSort (0ms)
			DisableScriptedObjects (0ms)
			BackupInstance (0ms)
			ReleaseScriptingObjects (0ms)
			CreateAndSetChildDomain (1ms)
		EndReloadAssembly (695ms)
			LoadAssemblies (136ms)
			RebuildTransferFunctionScriptingTraits (0ms)
			SetupTypeCache (246ms)
			ReleaseScriptCaches (0ms)
			RebuildScriptCaches (45ms)
			SetupLoadedEditorAssemblies (290ms)
				LogAssemblyErrors (0ms)
				InitializePlatformSupportModulesInManaged (10ms)
				SetLoadedEditorAssemblies (0ms)
				RefreshPlugins (63ms)
				BeforeProcessingInitializeOnLoad (2ms)
				ProcessInitializeOnLoadAttributes (168ms)
				ProcessInitializeOnLoadMethodAttributes (47ms)
				AfterProcessingInitializeOnLoad (0ms)
				EditorAssembliesLoaded (0ms)
			ExecutionOrderSort2 (0ms)
			AwakeInstancesAfterBackupRestoration (0ms)
Platform modules already initialized, skipping
Registering precompiled user dll's ...
Registered in 0.015136 seconds.
Begin MonoManager ReloadAssembly
Native extension for WindowsStandalone target not found
Refreshing native plugins compatible for Editor in 60.90 ms, found 3 plugins.
Preloading 0 native plugins for Editor in 0.00 ms.
Mono: successfully reloaded assembly
- Completed reload, in  1.868 seconds
Domain Reload Profiling:
	ReloadAssembly (1869ms)
		BeginReloadAssembly (254ms)
			ExecutionOrderSort (0ms)
			DisableScriptedObjects (7ms)
			BackupInstance (0ms)
			ReleaseScriptingObjects (0ms)
			CreateAndSetChildDomain (30ms)
		EndReloadAssembly (1485ms)
			LoadAssemblies (185ms)
			RebuildTransferFunctionScriptingTraits (0ms)
			SetupTypeCache (441ms)
			ReleaseScriptCaches (1ms)
			RebuildScriptCaches (76ms)
			SetupLoadedEditorAssemblies (642ms)
				LogAssemblyErrors (0ms)
				InitializePlatformSupportModulesInManaged (7ms)
				SetLoadedEditorAssemblies (0ms)
				RefreshPlugins (61ms)
				BeforeProcessingInitializeOnLoad (135ms)
				ProcessInitializeOnLoadAttributes (380ms)
				ProcessInitializeOnLoadMethodAttributes (25ms)
				AfterProcessingInitializeOnLoad (33ms)
				EditorAssembliesLoaded (0ms)
			ExecutionOrderSort2 (0ms)
			AwakeInstancesAfterBackupRestoration (12ms)
Platform modules already initialized, skipping
========================================================================
Worker process is ready to serve import requests
Launched and connected shader compiler UnityShaderCompiler.exe after 0.08 seconds
Refreshing native plugins compatible for Editor in 0.59 ms, found 3 plugins.
Preloading 0 native plugins for Editor in 0.00 ms.
Unloading 2139 Unused Serialized files (Serialized files now loaded: 0)
System memory in use before: 97.7 MB.
System memory in use after: 97.7 MB.

Unloading 33 unused Assets to reduce memory usage. Loaded Objects now: 2588.
Total: 4.832600 ms (FindLiveObjects: 0.302900 ms CreateObjectMapping: 0.117600 ms MarkObjects: 4.143900 ms  DeleteObjects: 0.265900 ms)

AssetImportParameters requested are different than current active one (requested -> active):
  custom:framework-win-MediaFoundation: 216162199b28c13a410421893ffa2e32 -> 
  custom:video-decoder-ogg-theora: a1e56fd34408186e4bbccfd4996cb3dc -> 
  custom:container-muxer-webm: aa71ff27fc2769a1b78a27578f13a17b -> 
  custom:container-demuxer-webm: 4f35f7cbe854078d1ac9338744f61a02 -> 
  custom:container-demuxer-ogg: 62fdf1f143b41e24485cea50d1cbac27 -> 
  custom:video-encoder-webm-vp8: eb34c28f22e8b96e1ab97ce403110664 -> 
  custom:video-decoder-webm-vp8: 9c59270c3fd7afecdb556c50c9e8de78 -> 
  custom:audio-decoder-ogg-vorbis: bf7c407c2cedff20999df2af8eb42d56 -> 
  custom:audio-encoder-webm-vorbis: bf7c407c2cedff20999df2af8eb42d56 -> 
========================================================================
Received Import Request.
  path: Assets/Audio/shield_collected.mp3
  artifactKey: Guid(1bac0cb15a2b3cf409a7bdd781b617b9) Importer(815301076,1909f56bfc062723c751e8b465ee728b)
Start importing Assets/Audio/shield_collected.mp3 using Guid(1bac0cb15a2b3cf409a7bdd781b617b9) Importer(815301076,1909f56bfc062723c751e8b465ee728b)  -> (artifact id: 'ba425b83838a1f1db99a9a8c91c8d6e8') in 0.142816 seconds 
========================================================================
Received Import Request.
  Time since last request: 0.000350 seconds.
  path: Assets/Audio/coin_collected.mp3
  artifactKey: Guid(0590b77641a2a904cbca4a8540ca6f04) Importer(815301076,1909f56bfc062723c751e8b465ee728b)
Start importing Assets/Audio/coin_collected.mp3 using Guid(0590b77641a2a904cbca4a8540ca6f04) Importer(815301076,1909f56bfc062723c751e8b465ee728b)  -> (artifact id: 'c999324c98c53180ce0dc6b045838f4e') in 0.026258 seconds 
========================================================================
Received Import Request.
  Time since last request: 0.000432 seconds.
  path: Assets/Audio/death.mp3
  artifactKey: Guid(5900971ff0a44e24ca71fe7294289555) Importer(815301076,1909f56bfc062723c751e8b465ee728b)
Start importing Assets/Audio/death.mp3 using Guid(5900971ff0a44e24ca71fe7294289555) Importer(815301076,1909f56bfc062723c751e8b465ee728b)  -> (artifact id: '13352252e725f2fa7d171e9e0fe5425c') in 0.025195 seconds 
========================================================================
Received Import Request.
  Time since last request: 0.000311 seconds.
  path: Assets/Audio/shield_end.mp3
  artifactKey: Guid(72bacaaa9249de8428d67b149b5db0d1) Importer(815301076,1909f56bfc062723c751e8b465ee728b)
Start importing Assets/Audio/shield_end.mp3 using Guid(72bacaaa9249de8428d67b149b5db0d1) Importer(815301076,1909f56bfc062723c751e8b465ee728b)  -> (artifact id: 'e45298f29aec0bad0e5225636ebaa655') in 0.025301 seconds 
========================================================================
Received Import Request.
  Time since last request: 4.910298 seconds.
  path: Assets/Sprites/meteor2 (1).PNG
  artifactKey: Guid(24bd4de19270f334b8b07169bb1a41db) Importer(815301076,1909f56bfc062723c751e8b465ee728b)
Start importing Assets/Sprites/meteor2 (1).PNG using Guid(24bd4de19270f334b8b07169bb1a41db) Importer(815301076,1909f56bfc062723c751e8b465ee728b)  -> (artifact id: '783926fe585c0cc5dddc5d6351cfd03e') in 0.096079 seconds 
========================================================================
Received Import Request.
  Time since last request: 0.000277 seconds.
  path: Assets/Sprites/meteor2 (2).PNG
  artifactKey: Guid(8496976b6e2ea484faeb1be127603b03) Importer(815301076,1909f56bfc062723c751e8b465ee728b)
Start importing Assets/Sprites/meteor2 (2).PNG using Guid(8496976b6e2ea484faeb1be127603b03) Importer(815301076,1909f56bfc062723c751e8b465ee728b)  -> (artifact id: '27eea872d86182c0929344d406c808a8') in 0.044402 seconds 
========================================================================
Received Import Request.
  Time since last request: 5.443225 seconds.
  path: Assets/Prefabs/Meteor.prefab
  artifactKey: Guid(e65374c7e9e20da4f8d60096396748ac) Importer(815301076,1909f56bfc062723c751e8b465ee728b)
Start importing Assets/Prefabs/Meteor.prefab using Guid(e65374c7e9e20da4f8d60096396748ac) Importer(815301076,1909f56bfc062723c751e8b465ee728b)  -> (artifact id: '6e859c80b90c58ac38daca286223a551') in 0.066247 seconds 
========================================================================
Received Import Request.
  Time since last request: 0.889773 seconds.
  path: Assets/Prefabs/Meteor.prefab
  artifactKey: Guid(e65374c7e9e20da4f8d60096396748ac) Importer(815301076,1909f56bfc062723c751e8b465ee728b)
Start importing Assets/Prefabs/Meteor.prefab using Guid(e65374c7e9e20da4f8d60096396748ac) Importer(815301076,1909f56bfc062723c751e8b465ee728b)  -> (artifact id: 'c291a604c6626354fb1ba4b114200c1a') in 0.042514 seconds 
========================================================================
Received Import Request.
  Time since last request: 0.362047 seconds.
  path: Assets/Prefabs/Meteor.prefab
  artifactKey: Guid(e65374c7e9e20da4f8d60096396748ac) Importer(815301076,1909f56bfc062723c751e8b465ee728b)
Start importing Assets/Prefabs/Meteor.prefab using Guid(e65374c7e9e20da4f8d60096396748ac) Importer(815301076,1909f56bfc062723c751e8b465ee728b)  -> (artifact id: '07c03a64525fb6c221cb04f1ac4c7cb2') in 0.048486 seconds 
========================================================================
Received Import Request.
  Time since last request: 1.426994 seconds.
  path: Assets/Prefabs/Meteor.prefab
  artifactKey: Guid(e65374c7e9e20da4f8d60096396748ac) Importer(815301076,1909f56bfc062723c751e8b465ee728b)
Start importing Assets/Prefabs/Meteor.prefab using Guid(e65374c7e9e20da4f8d60096396748ac) Importer(815301076,1909f56bfc062723c751e8b465ee728b)  -> (artifact id: '183576297c08a94b377cc5611437a74a') in 0.044469 seconds 
========================================================================
Received Import Request.
  Time since last request: 1.470348 seconds.
  path: Assets/Prefabs/Meteor.prefab
  artifactKey: Guid(e65374c7e9e20da4f8d60096396748ac) Importer(815301076,1909f56bfc062723c751e8b465ee728b)
Start importing Assets/Prefabs/Meteor.prefab using Guid(e65374c7e9e20da4f8d60096396748ac) Importer(815301076,1909f56bfc062723c751e8b465ee728b)  -> (artifact id: 'd1be8653a7e6d10047aaee28d9706829') in 0.045508 seconds 
========================================================================
Received Import Request.
  Time since last request: 8.033544 seconds.
  path: Assets/Audio/button_pressed.oga
  artifactKey: Guid(338ee4fda854f084c8c15cf6a4dc4d88) Importer(815301076,1909f56bfc062723c751e8b465ee728b)
Start importing Assets/Audio/button_pressed.oga using Guid(338ee4fda854f084c8c15cf6a4dc4d88) Importer(815301076,1909f56bfc062723c751e8b465ee728b)  -> (artifact id: '99927f7218ae1fe910118e91475c26f5') in 0.017457 seconds 
========================================================================
Received Import Request.
  Time since last request: 17.628831 seconds.
  path: Assets/Audio/shield_end.mp3
  artifactKey: Guid(72bacaaa9249de8428d67b149b5db0d1) Importer(815301076,1909f56bfc062723c751e8b465ee728b)
Start importing Assets/Audio/shield_end.mp3 using Guid(72bacaaa9249de8428d67b149b5db0d1) Importer(815301076,1909f56bfc062723c751e8b465ee728b)  -> (artifact id: '1d20d677b9950ec55fe98c2030f72132') in 0.015341 seconds 
========================================================================
Received Import Request.
  Time since last request: 9.033809 seconds.
  path: Assets/Audio/shield_end.mp3
  artifactKey: Guid(72bacaaa9249de8428d67b149b5db0d1) Importer(815301076,1909f56bfc062723c751e8b465ee728b)
Start importing Assets/Audio/shield_end.mp3 using Guid(72bacaaa9249de8428d67b149b5db0d1) Importer(815301076,1909f56bfc062723c751e8b465ee728b)  -> (artifact id: 'f8effed7f78561b462db2378d568ba84') in 0.017049 seconds 
========================================================================
Received Import Request.
  Time since last request: 8.794058 seconds.
  path: Assets/Audio/shield_end.mp3
  artifactKey: Guid(72bacaaa9249de8428d67b149b5db0d1) Importer(815301076,1909f56bfc062723c751e8b465ee728b)
Start importing Assets/Audio/shield_end.mp3 using Guid(72bacaaa9249de8428d67b149b5db0d1) Importer(815301076,1909f56bfc062723c751e8b465ee728b)  -> (artifact id: '19bc78e09bf2962adfee4c02533ecca6') in 0.020149 seconds 
========================================================================
Received Import Request.
  Time since last request: 17.034096 seconds.
  path: Assets/Audio/coin_collected.mp3
  artifactKey: Guid(0590b77641a2a904cbca4a8540ca6f04) Importer(815301076,1909f56bfc062723c751e8b465ee728b)
Start importing Assets/Audio/coin_collected.mp3 using Guid(0590b77641a2a904cbca4a8540ca6f04) Importer(815301076,1909f56bfc062723c751e8b465ee728b)  -> (artifact id: 'a9a1907b4581a09106bfc4a38d7516dc') in 0.018744 seconds 
========================================================================
Received Import Request.
  Time since last request: 4.768280 seconds.
  path: Assets/Audio/coin_collected.mp3
  artifactKey: Guid(0590b77641a2a904cbca4a8540ca6f04) Importer(815301076,1909f56bfc062723c751e8b465ee728b)
Start importing Assets/Audio/coin_collected.mp3 using Guid(0590b77641a2a904cbca4a8540ca6f04) Importer(815301076,1909f56bfc062723c751e8b465ee728b)  -> (artifact id: '1b21085ac06180a1307fc834b1de16d0') in 0.016822 seconds 
========================================================================
Received Import Request.
  Time since last request: 11.110311 seconds.
  path: Assets/Audio/coin_collected.mp3
  artifactKey: Guid(0590b77641a2a904cbca4a8540ca6f04) Importer(815301076,1909f56bfc062723c751e8b465ee728b)
Start importing Assets/Audio/coin_collected.mp3 using Guid(0590b77641a2a904cbca4a8540ca6f04) Importer(815301076,1909f56bfc062723c751e8b465ee728b)  -> (artifact id: 'e7e45ea6e14a0abb5ab8c74c295f9e6e') in 0.016768 seconds 
========================================================================
Received Import Request.
  Time since last request: 10.354392 seconds.
  path: Assets/Audio/death.mp3
  artifactKey: Guid(5900971ff0a44e24ca71fe7294289555) Importer(815301076,1909f56bfc062723c751e8b465ee728b)
Start importing Assets/Audio/death.mp3 using Guid(5900971ff0a44e24ca71fe7294289555) Importer(815301076,1909f56bfc062723c751e8b465ee728b)  -> (artifact id: 'a8dca02ddb845c4b00ba1a4ec0b25db9') in 0.015333 seconds 
========================================================================
Received Import Request.
  Time since last request: 0.000340 seconds.
  path: Assets/Audio/shield_collected.mp3
  artifactKey: Guid(1bac0cb15a2b3cf409a7bdd781b617b9) Importer(815301076,1909f56bfc062723c751e8b465ee728b)
Start importing Assets/Audio/shield_collected.mp3 using Guid(1bac0cb15a2b3cf409a7bdd781b617b9) Importer(815301076,1909f56bfc062723c751e8b465ee728b)  -> (artifact id: 'c40483e39ad16b90822669e1d81f6ef9') in 0.017192 seconds 
========================================================================
Received Import Request.
  Time since last request: 0.000428 seconds.
  path: Assets/Audio/Music.mp3
  artifactKey: Guid(c7ce5b9e7700de34fa4d355af382a088) Importer(815301076,1909f56bfc062723c751e8b465ee728b)
Start importing Assets/Audio/Music.mp3 using Guid(c7ce5b9e7700de34fa4d355af382a088) Importer(815301076,1909f56bfc062723c751e8b465ee728b)  -> (artifact id: '05eee0b35ca3a0bda25925ab3de533dd') in 0.026038 seconds 
========================================================================
Received Import Request.
  Time since last request: 0.000338 seconds.
  path: Assets/Audio/shield_end.mp3
  artifactKey: Guid(72bacaaa9249de8428d67b149b5db0d1) Importer(815301076,1909f56bfc062723c751e8b465ee728b)
Start importing Assets/Audio/shield_end.mp3 using Guid(72bacaaa9249de8428d67b149b5db0d1) Importer(815301076,1909f56bfc062723c751e8b465ee728b)  -> (artifact id: 'cdb22cd0ff8b4129168333e616e5b034') in 0.016762 seconds 
========================================================================
Received Import Request.
  Time since last request: 146.319353 seconds.
  path: Assets/Audio/button_pressed.mp3
  artifactKey: Guid(e932e4eba1edf544482f34c77c66b767) Importer(815301076,1909f56bfc062723c751e8b465ee728b)
Start importing Assets/Audio/button_pressed.mp3 using Guid(e932e4eba1edf544482f34c77c66b767) Importer(815301076,1909f56bfc062723c751e8b465ee728b)  -> (artifact id: 'c6a4b23cbdf7aed54371fc0683c91c10') in 0.023841 seconds 
========================================================================
Received Import Request.
  Time since last request: 6.900932 seconds.
  path: Assets/Audio/button_pressed.mp3
  artifactKey: Guid(e932e4eba1edf544482f34c77c66b767) Importer(815301076,1909f56bfc062723c751e8b465ee728b)
Start importing Assets/Audio/button_pressed.mp3 using Guid(e932e4eba1edf544482f34c77c66b767) Importer(815301076,1909f56bfc062723c751e8b465ee728b)  -> (artifact id: 'b0ff7964c575189d5a5b404605857d45') in 0.015834 seconds 
========================================================================
Received Import Request.
  Time since last request: 6.946439 seconds.
  path: Assets/Audio/button_pressed.mp3
  artifactKey: Guid(e932e4eba1edf544482f34c77c66b767) Importer(815301076,1909f56bfc062723c751e8b465ee728b)
Start importing Assets/Audio/button_pressed.mp3 using Guid(e932e4eba1edf544482f34c77c66b767) Importer(815301076,1909f56bfc062723c751e8b465ee728b)  -> (artifact id: '23a3aea64a4fa00b056374f7426ca9b8') in 0.019509 seconds 
========================================================================
Received Import Request.
  Time since last request: 9.581746 seconds.
  path: Assets/Audio/death.mp3
  artifactKey: Guid(5900971ff0a44e24ca71fe7294289555) Importer(815301076,1909f56bfc062723c751e8b465ee728b)
Start importing Assets/Audio/death.mp3 using Guid(5900971ff0a44e24ca71fe7294289555) Importer(815301076,1909f56bfc062723c751e8b465ee728b)  -> (artifact id: 'c30a652be42beb4a38105932f03f95e3') in 0.015696 seconds 
========================================================================
Received Import Request.
  Time since last request: 0.000284 seconds.
  path: Assets/Audio/shield_collected.mp3
  artifactKey: Guid(1bac0cb15a2b3cf409a7bdd781b617b9) Importer(815301076,1909f56bfc062723c751e8b465ee728b)
Start importing Assets/Audio/shield_collected.mp3 using Guid(1bac0cb15a2b3cf409a7bdd781b617b9) Importer(815301076,1909f56bfc062723c751e8b465ee728b)  -> (artifact id: '6e10744f89ecce058313acd9a82f3c36') in 0.020294 seconds 
========================================================================
Received Import Request.
  Time since last request: 0.000447 seconds.
  path: Assets/Audio/shield_end.mp3
  artifactKey: Guid(72bacaaa9249de8428d67b149b5db0d1) Importer(815301076,1909f56bfc062723c751e8b465ee728b)
Start importing Assets/Audio/shield_end.mp3 using Guid(72bacaaa9249de8428d67b149b5db0d1) Importer(815301076,1909f56bfc062723c751e8b465ee728b)  -> (artifact id: '7a1c2d495f408fcb72d9a1f7f1f35593') in 0.022626 seconds 
========================================================================
Received Import Request.
  Time since last request: 58.905515 seconds.
  path: Assets/_Scenes/Game.unity
  artifactKey: Guid(c93dfb9972983704ba644f38c442c985) Importer(815301076,1909f56bfc062723c751e8b465ee728b)
Start importing Assets/_Scenes/Game.unity using Guid(c93dfb9972983704ba644f38c442c985) Importer(815301076,1909f56bfc062723c751e8b465ee728b)  -> (artifact id: '56bdc8353c59c8d033c56eb3c938b376') in 0.013382 seconds 
========================================================================
Received Import Request.
  Time since last request: 1.939007 seconds.
  path: Assets/_Scenes/Menu.unity
  artifactKey: Guid(086e97b4280788240b165418bd5a1d66) Importer(815301076,1909f56bfc062723c751e8b465ee728b)
Start importing Assets/_Scenes/Menu.unity using Guid(086e97b4280788240b165418bd5a1d66) Importer(815301076,1909f56bfc062723c751e8b465ee728b)  -> (artifact id: 'f70849311f3492f8f68478f5c2d11f67') in 0.015681 seconds 
========================================================================
Received Import Request.
  Time since last request: 18.926012 seconds.
  path: Assets/Audio/AudioMixer.mixer
  artifactKey: Guid(e7eff48ed9f13f74480bb94376600be7) Importer(815301076,1909f56bfc062723c751e8b465ee728b)
Start importing Assets/Audio/AudioMixer.mixer using Guid(e7eff48ed9f13f74480bb94376600be7) Importer(815301076,1909f56bfc062723c751e8b465ee728b)  -> (artifact id: '1749cd1d27e5f12288e5eec1d40825e8') in 0.018050 seconds 
========================================================================
Received Prepare
Registering precompiled user dll's ...
Registered in 0.017096 seconds.
Begin MonoManager ReloadAssembly
Native extension for WindowsStandalone target not found
Refreshing native plugins compatible for Editor in 0.64 ms, found 3 plugins.
Preloading 0 native plugins for Editor in 0.00 ms.
Mono: successfully reloaded assembly
- Completed reload, in  2.009 seconds
Domain Reload Profiling:
	ReloadAssembly (2009ms)
		BeginReloadAssembly (238ms)
			ExecutionOrderSort (0ms)
			DisableScriptedObjects (9ms)
			BackupInstance (0ms)
			ReleaseScriptingObjects (0ms)
			CreateAndSetChildDomain (52ms)
		EndReloadAssembly (1610ms)
			LoadAssemblies (185ms)
			RebuildTransferFunctionScriptingTraits (0ms)
			SetupTypeCache (511ms)
			ReleaseScriptCaches (1ms)
			RebuildScriptCaches (67ms)
			SetupLoadedEditorAssemblies (574ms)
				LogAssemblyErrors (0ms)
				InitializePlatformSupportModulesInManaged (8ms)
				SetLoadedEditorAssemblies (1ms)
				RefreshPlugins (1ms)
				BeforeProcessingInitializeOnLoad (152ms)
				ProcessInitializeOnLoadAttributes (358ms)
				ProcessInitializeOnLoadMethodAttributes (14ms)
				AfterProcessingInitializeOnLoad (41ms)
				EditorAssembliesLoaded (0ms)
			ExecutionOrderSort2 (0ms)
			AwakeInstancesAfterBackupRestoration (22ms)
Platform modules already initialized, skipping
Switching build target platform(19) subTarget(0) extendedPlatform(0) -> platform(13) subTarget(537395200) extendedPlatform(0)
Refreshing native plugins compatible for Editor in 0.64 ms, found 3 plugins.
Preloading 0 native plugins for Editor in 0.00 ms.
Unloading 2126 Unused Serialized files (Serialized files now loaded: 0)
System memory in use before: 102.9 MB.
System memory in use after: 102.9 MB.

Unloading 21 unused Assets to reduce memory usage. Loaded Objects now: 2633.
Total: 4.975300 ms (FindLiveObjects: 0.304600 ms CreateObjectMapping: 0.116200 ms MarkObjects: 4.298300 ms  DeleteObjects: 0.254000 ms)

AssetImportParameters requested are different than current active one (requested -> active):
  custom:framework-win-MediaFoundation: 216162199b28c13a410421893ffa2e32 -> 
  custom:video-decoder-ogg-theora: a1e56fd34408186e4bbccfd4996cb3dc -> 
  custom:container-muxer-webm: aa71ff27fc2769a1b78a27578f13a17b -> 
  custom:container-demuxer-webm: 4f35f7cbe854078d1ac9338744f61a02 -> 
  custom:container-demuxer-ogg: 62fdf1f143b41e24485cea50d1cbac27 -> 
  custom:video-encoder-webm-vp8: eb34c28f22e8b96e1ab97ce403110664 -> 
  custom:video-decoder-webm-vp8: 9c59270c3fd7afecdb556c50c9e8de78 -> 
  custom:graphics/normal-map-encoding: 01000000000000000000000000000000 -> 02000000000000000000000000000000
  custom:audio-decoder-ogg-vorbis: bf7c407c2cedff20999df2af8eb42d56 -> 
  custom:audio-encoder-webm-vorbis: bf7c407c2cedff20999df2af8eb42d56 -> 
========================================================================
Received Import Request.
  Time since last request: 144.555370 seconds.
  path: Assets/Audio/CoinCollectSound.prefab
  artifactKey: Guid(996d62d9628d93d409a82322e5a9bab4) Importer(815301076,1909f56bfc062723c751e8b465ee728b)
Start importing Assets/Audio/CoinCollectSound.prefab using Guid(996d62d9628d93d409a82322e5a9bab4) Importer(815301076,1909f56bfc062723c751e8b465ee728b)  -> (artifact id: '879fa93c425abd50c9cc0aa3c1ee2a36') in 0.051066 seconds 
========================================================================
Received Import Request.
  Time since last request: 5.556870 seconds.
  path: Assets/Audio/CoinCollectSound.prefab
  artifactKey: Guid(996d62d9628d93d409a82322e5a9bab4) Importer(815301076,1909f56bfc062723c751e8b465ee728b)
Start importing Assets/Audio/CoinCollectSound.prefab using Guid(996d62d9628d93d409a82322e5a9bab4) Importer(815301076,1909f56bfc062723c751e8b465ee728b)  -> (artifact id: '77f71706ec4da1df5d9d64ffba20b4de') in 0.010056 seconds 
========================================================================
Received Import Request.
  Time since last request: 20.027608 seconds.
  path: Assets/Sprites/meteor2 (1).PNG
  artifactKey: Guid(24bd4de19270f334b8b07169bb1a41db) Importer(815301076,1909f56bfc062723c751e8b465ee728b)
Start importing Assets/Sprites/meteor2 (1).PNG using Guid(24bd4de19270f334b8b07169bb1a41db) Importer(815301076,1909f56bfc062723c751e8b465ee728b)  -> (artifact id: 'ccb209ff1be36a816cc501ac9df37337') in 0.072518 seconds 
========================================================================
Received Import Request.
  Time since last request: 0.000421 seconds.
  path: Assets/Sprites/meteor2 (2).PNG
  artifactKey: Guid(8496976b6e2ea484faeb1be127603b03) Importer(815301076,1909f56bfc062723c751e8b465ee728b)
Start importing Assets/Sprites/meteor2 (2).PNG using Guid(8496976b6e2ea484faeb1be127603b03) Importer(815301076,1909f56bfc062723c751e8b465ee728b)  -> (artifact id: 'a2bca7364cff1d3defa9cc99212aafca') in 0.026245 seconds 
========================================================================
Received Prepare
Registering precompiled user dll's ...
Registered in 0.012032 seconds.
Begin MonoManager ReloadAssembly
Native extension for WindowsStandalone target not found
Refreshing native plugins compatible for Editor in 1.05 ms, found 3 plugins.
Preloading 0 native plugins for Editor in 0.00 ms.
Mono: successfully reloaded assembly
- Completed reload, in  2.311 seconds
Domain Reload Profiling:
	ReloadAssembly (2312ms)
		BeginReloadAssembly (287ms)
			ExecutionOrderSort (0ms)
			DisableScriptedObjects (13ms)
			BackupInstance (0ms)
			ReleaseScriptingObjects (0ms)
			CreateAndSetChildDomain (65ms)
		EndReloadAssembly (1832ms)
			LoadAssemblies (258ms)
			RebuildTransferFunctionScriptingTraits (0ms)
			SetupTypeCache (549ms)
			ReleaseScriptCaches (1ms)
			RebuildScriptCaches (101ms)
			SetupLoadedEditorAssemblies (662ms)
				LogAssemblyErrors (0ms)
				InitializePlatformSupportModulesInManaged (8ms)
				SetLoadedEditorAssemblies (1ms)
				RefreshPlugins (1ms)
				BeforeProcessingInitializeOnLoad (163ms)
				ProcessInitializeOnLoadAttributes (431ms)
				ProcessInitializeOnLoadMethodAttributes (18ms)
				AfterProcessingInitializeOnLoad (41ms)
				EditorAssembliesLoaded (0ms)
			ExecutionOrderSort2 (0ms)
			AwakeInstancesAfterBackupRestoration (30ms)
Platform modules already initialized, skipping
Switching build target platform(19) subTarget(0) extendedPlatform(0) -> platform(13) subTarget(537395200) extendedPlatform(0)
Refreshing native plugins compatible for Editor in 1.10 ms, found 3 plugins.
Preloading 0 native plugins for Editor in 0.00 ms.
Unloading 2124 Unused Serialized files (Serialized files now loaded: 0)
System memory in use before: 103.7 MB.
System memory in use after: 103.7 MB.

Unloading 21 unused Assets to reduce memory usage. Loaded Objects now: 2666.
Total: 5.206600 ms (FindLiveObjects: 0.359200 ms CreateObjectMapping: 0.151100 ms MarkObjects: 4.512000 ms  DeleteObjects: 0.182700 ms)

AssetImportParameters requested are different than current active one (requested -> active):
  custom:framework-win-MediaFoundation: 216162199b28c13a410421893ffa2e32 -> 
  custom:video-decoder-ogg-theora: a1e56fd34408186e4bbccfd4996cb3dc -> 
  custom:container-muxer-webm: aa71ff27fc2769a1b78a27578f13a17b -> 
  custom:container-demuxer-webm: 4f35f7cbe854078d1ac9338744f61a02 -> 
  custom:container-demuxer-ogg: 62fdf1f143b41e24485cea50d1cbac27 -> 
  custom:video-encoder-webm-vp8: eb34c28f22e8b96e1ab97ce403110664 -> 
  custom:video-decoder-webm-vp8: 9c59270c3fd7afecdb556c50c9e8de78 -> 
  custom:graphics/normal-map-encoding: 01000000000000000000000000000000 -> 02000000000000000000000000000000
  custom:audio-decoder-ogg-vorbis: bf7c407c2cedff20999df2af8eb42d56 -> 
  custom:audio-encoder-webm-vorbis: bf7c407c2cedff20999df2af8eb42d56 -> 
========================================================================
Received Import Request.
  Time since last request: 59.359120 seconds.
  path: Assets/Prefabs/Meteor.prefab
  artifactKey: Guid(e65374c7e9e20da4f8d60096396748ac) Importer(815301076,1909f56bfc062723c751e8b465ee728b)
Start importing Assets/Prefabs/Meteor.prefab using Guid(e65374c7e9e20da4f8d60096396748ac) Importer(815301076,1909f56bfc062723c751e8b465ee728b)  -> (artifact id: 'e1a9f1af13611966e920d93baec69bb9') in 0.123836 seconds 
========================================================================
Received Import Request.
  Time since last request: 3.936123 seconds.
  path: Assets/Prefabs/Meteor.prefab
  artifactKey: Guid(e65374c7e9e20da4f8d60096396748ac) Importer(815301076,1909f56bfc062723c751e8b465ee728b)
Start importing Assets/Prefabs/Meteor.prefab using Guid(e65374c7e9e20da4f8d60096396748ac) Importer(815301076,1909f56bfc062723c751e8b465ee728b)  -> (artifact id: '3fb49b82c8aecb331f47e7890236c991') in 0.037092 seconds 
========================================================================
Received Prepare
Registering precompiled user dll's ...
Registered in 0.013981 seconds.
Begin MonoManager ReloadAssembly
Native extension for WindowsStandalone target not found
Refreshing native plugins compatible for Editor in 0.63 ms, found 3 plugins.
Preloading 0 native plugins for Editor in 0.00 ms.
Mono: successfully reloaded assembly
- Completed reload, in  1.840 seconds
Domain Reload Profiling:
	ReloadAssembly (1841ms)
		BeginReloadAssembly (226ms)
			ExecutionOrderSort (0ms)
			DisableScriptedObjects (10ms)
			BackupInstance (0ms)
			ReleaseScriptingObjects (0ms)
			CreateAndSetChildDomain (54ms)
		EndReloadAssembly (1461ms)
			LoadAssemblies (186ms)
			RebuildTransferFunctionScriptingTraits (0ms)
			SetupTypeCache (419ms)
			ReleaseScriptCaches (1ms)
			RebuildScriptCaches (71ms)
			SetupLoadedEditorAssemblies (523ms)
				LogAssemblyErrors (0ms)
				InitializePlatformSupportModulesInManaged (8ms)
				SetLoadedEditorAssemblies (1ms)
				RefreshPlugins (1ms)
				BeforeProcessingInitializeOnLoad (137ms)
				ProcessInitializeOnLoadAttributes (330ms)
				ProcessInitializeOnLoadMethodAttributes (13ms)
				AfterProcessingInitializeOnLoad (34ms)
				EditorAssembliesLoaded (0ms)
			ExecutionOrderSort2 (0ms)
			AwakeInstancesAfterBackupRestoration (25ms)
Platform modules already initialized, skipping
Switching build target platform(19) subTarget(0) extendedPlatform(0) -> platform(13) subTarget(537395200) extendedPlatform(0)
Refreshing native plugins compatible for Editor in 0.82 ms, found 3 plugins.
Preloading 0 native plugins for Editor in 0.00 ms.
Unloading 2124 Unused Serialized files (Serialized files now loaded: 0)
System memory in use before: 103.8 MB.
System memory in use after: 103.8 MB.

Unloading 21 unused Assets to reduce memory usage. Loaded Objects now: 2671.
Total: 4.776400 ms (FindLiveObjects: 0.336500 ms CreateObjectMapping: 0.114700 ms MarkObjects: 4.156200 ms  DeleteObjects: 0.167200 ms)

AssetImportParameters requested are different than current active one (requested -> active):
  custom:framework-win-MediaFoundation: 216162199b28c13a410421893ffa2e32 -> 
  custom:video-decoder-ogg-theora: a1e56fd34408186e4bbccfd4996cb3dc -> 
  custom:container-muxer-webm: aa71ff27fc2769a1b78a27578f13a17b -> 
  custom:container-demuxer-webm: 4f35f7cbe854078d1ac9338744f61a02 -> 
  custom:container-demuxer-ogg: 62fdf1f143b41e24485cea50d1cbac27 -> 
  custom:video-encoder-webm-vp8: eb34c28f22e8b96e1ab97ce403110664 -> 
  custom:video-decoder-webm-vp8: 9c59270c3fd7afecdb556c50c9e8de78 -> 
  custom:graphics/normal-map-encoding: 01000000000000000000000000000000 -> 02000000000000000000000000000000
  custom:audio-decoder-ogg-vorbis: bf7c407c2cedff20999df2af8eb42d56 -> 
  custom:audio-encoder-webm-vorbis: bf7c407c2cedff20999df2af8eb42d56 -> 
========================================================================
Received Prepare
Registering precompiled user dll's ...
Registered in 0.012616 seconds.
Begin MonoManager ReloadAssembly
Native extension for WindowsStandalone target not found
Refreshing native plugins compatible for Editor in 1.15 ms, found 3 plugins.
Preloading 0 native plugins for Editor in 0.00 ms.
Mono: successfully reloaded assembly
- Completed reload, in  2.145 seconds
Domain Reload Profiling:
	ReloadAssembly (2146ms)
		BeginReloadAssembly (245ms)
			ExecutionOrderSort (0ms)
			DisableScriptedObjects (13ms)
			BackupInstance (0ms)
			ReleaseScriptingObjects (0ms)
			CreateAndSetChildDomain (50ms)
		EndReloadAssembly (1759ms)
			LoadAssemblies (202ms)
			RebuildTransferFunctionScriptingTraits (0ms)
			SetupTypeCache (534ms)
			ReleaseScriptCaches (2ms)
			RebuildScriptCaches (65ms)
			SetupLoadedEditorAssemblies (621ms)
				LogAssemblyErrors (0ms)
				InitializePlatformSupportModulesInManaged (9ms)
				SetLoadedEditorAssemblies (1ms)
				RefreshPlugins (1ms)
				BeforeProcessingInitializeOnLoad (157ms)
				ProcessInitializeOnLoadAttributes (398ms)
				ProcessInitializeOnLoadMethodAttributes (14ms)
				AfterProcessingInitializeOnLoad (41ms)
				EditorAssembliesLoaded (0ms)
			ExecutionOrderSort2 (0ms)
			AwakeInstancesAfterBackupRestoration (29ms)
Platform modules already initialized, skipping
Switching build target platform(19) subTarget(0) extendedPlatform(0) -> platform(13) subTarget(537395200) extendedPlatform(0)
Refreshing native plugins compatible for Editor in 0.93 ms, found 3 plugins.
Preloading 0 native plugins for Editor in 0.00 ms.
Unloading 2124 Unused Serialized files (Serialized files now loaded: 0)
System memory in use before: 103.8 MB.
System memory in use after: 103.8 MB.

Unloading 21 unused Assets to reduce memory usage. Loaded Objects now: 2675.
Total: 5.530200 ms (FindLiveObjects: 0.347300 ms CreateObjectMapping: 0.152100 ms MarkObjects: 4.844500 ms  DeleteObjects: 0.184000 ms)

AssetImportParameters requested are different than current active one (requested -> active):
  custom:framework-win-MediaFoundation: 216162199b28c13a410421893ffa2e32 -> 
  custom:video-decoder-ogg-theora: a1e56fd34408186e4bbccfd4996cb3dc -> 
  custom:container-muxer-webm: aa71ff27fc2769a1b78a27578f13a17b -> 
  custom:container-demuxer-webm: 4f35f7cbe854078d1ac9338744f61a02 -> 
  custom:container-demuxer-ogg: 62fdf1f143b41e24485cea50d1cbac27 -> 
  custom:video-encoder-webm-vp8: eb34c28f22e8b96e1ab97ce403110664 -> 
  custom:video-decoder-webm-vp8: 9c59270c3fd7afecdb556c50c9e8de78 -> 
  custom:graphics/normal-map-encoding: 01000000000000000000000000000000 -> 02000000000000000000000000000000
  custom:audio-decoder-ogg-vorbis: bf7c407c2cedff20999df2af8eb42d56 -> 
  custom:audio-encoder-webm-vorbis: bf7c407c2cedff20999df2af8eb42d56 -> 
========================================================================
Received Prepare
Registering precompiled user dll's ...
Registered in 0.022024 seconds.
Begin MonoManager ReloadAssembly
Native extension for WindowsStandalone target not found
Refreshing native plugins compatible for Editor in 1.13 ms, found 3 plugins.
Preloading 0 native plugins for Editor in 0.00 ms.
Mono: successfully reloaded assembly
- Completed reload, in  3.227 seconds
Domain Reload Profiling:
	ReloadAssembly (3228ms)
		BeginReloadAssembly (421ms)
			ExecutionOrderSort (0ms)
			DisableScriptedObjects (27ms)
			BackupInstance (0ms)
			ReleaseScriptingObjects (0ms)
			CreateAndSetChildDomain (89ms)
		EndReloadAssembly (2567ms)
			LoadAssemblies (371ms)
			RebuildTransferFunctionScriptingTraits (0ms)
			SetupTypeCache (738ms)
			ReleaseScriptCaches (2ms)
			RebuildScriptCaches (107ms)
			SetupLoadedEditorAssemblies (881ms)
				LogAssemblyErrors (0ms)
				InitializePlatformSupportModulesInManaged (12ms)
				SetLoadedEditorAssemblies (1ms)
				RefreshPlugins (1ms)
				BeforeProcessingInitializeOnLoad (226ms)
				ProcessInitializeOnLoadAttributes (558ms)
				ProcessInitializeOnLoadMethodAttributes (23ms)
				AfterProcessingInitializeOnLoad (59ms)
				EditorAssembliesLoaded (0ms)
			ExecutionOrderSort2 (0ms)
			AwakeInstancesAfterBackupRestoration (34ms)
Platform modules already initialized, skipping
Switching build target platform(19) subTarget(0) extendedPlatform(0) -> platform(13) subTarget(537395200) extendedPlatform(0)
Refreshing native plugins compatible for Editor in 1.21 ms, found 3 plugins.
Preloading 0 native plugins for Editor in 0.00 ms.
Unloading 2124 Unused Serialized files (Serialized files now loaded: 0)
System memory in use before: 103.9 MB.
System memory in use after: 103.9 MB.

Unloading 21 unused Assets to reduce memory usage. Loaded Objects now: 2679.
Total: 7.780300 ms (FindLiveObjects: 0.628400 ms CreateObjectMapping: 0.106500 ms MarkObjects: 6.750200 ms  DeleteObjects: 0.291500 ms)

AssetImportParameters requested are different than current active one (requested -> active):
  custom:framework-win-MediaFoundation: 216162199b28c13a410421893ffa2e32 -> 
  custom:video-decoder-ogg-theora: a1e56fd34408186e4bbccfd4996cb3dc -> 
  custom:container-muxer-webm: aa71ff27fc2769a1b78a27578f13a17b -> 
  custom:container-demuxer-webm: 4f35f7cbe854078d1ac9338744f61a02 -> 
  custom:container-demuxer-ogg: 62fdf1f143b41e24485cea50d1cbac27 -> 
  custom:video-encoder-webm-vp8: eb34c28f22e8b96e1ab97ce403110664 -> 
  custom:video-decoder-webm-vp8: 9c59270c3fd7afecdb556c50c9e8de78 -> 
  custom:graphics/normal-map-encoding: 01000000000000000000000000000000 -> 02000000000000000000000000000000
  custom:audio-decoder-ogg-vorbis: bf7c407c2cedff20999df2af8eb42d56 -> 
  custom:audio-encoder-webm-vorbis: bf7c407c2cedff20999df2af8eb42d56 -> 
========================================================================
Received Import Request.
  Time since last request: 423.862907 seconds.
  path: Assets/Audio/CoinCollectSound.prefab
  artifactKey: Guid(996d62d9628d93d409a82322e5a9bab4) Importer(815301076,1909f56bfc062723c751e8b465ee728b)
Start importing Assets/Audio/CoinCollectSound.prefab using Guid(996d62d9628d93d409a82322e5a9bab4) Importer(815301076,1909f56bfc062723c751e8b465ee728b)  -> (artifact id: '719864738e1bee1defa75947dd704b6f') in 0.086753 seconds 
========================================================================
Received Prepare
Registering precompiled user dll's ...
Registered in 0.025207 seconds.
Begin MonoManager ReloadAssembly
Native extension for WindowsStandalone target not found
Refreshing native plugins compatible for Editor in 1.61 ms, found 3 plugins.
Preloading 0 native plugins for Editor in 0.00 ms.
Mono: successfully reloaded assembly
- Completed reload, in  3.422 seconds
Domain Reload Profiling:
	ReloadAssembly (3423ms)
		BeginReloadAssembly (361ms)
			ExecutionOrderSort (0ms)
			DisableScriptedObjects (25ms)
			BackupInstance (0ms)
			ReleaseScriptingObjects (0ms)
			CreateAndSetChildDomain (80ms)
		EndReloadAssembly (2836ms)
			LoadAssemblies (313ms)
			RebuildTransferFunctionScriptingTraits (0ms)
			SetupTypeCache (793ms)
			ReleaseScriptCaches (3ms)
			RebuildScriptCaches (121ms)
			SetupLoadedEditorAssemblies (986ms)
				LogAssemblyErrors (0ms)
				InitializePlatformSupportModulesInManaged (16ms)
				SetLoadedEditorAssemblies (1ms)
				RefreshPlugins (2ms)
				BeforeProcessingInitializeOnLoad (267ms)
				ProcessInitializeOnLoadAttributes (620ms)
				ProcessInitializeOnLoadMethodAttributes (21ms)
				AfterProcessingInitializeOnLoad (59ms)
				EditorAssembliesLoaded (0ms)
			ExecutionOrderSort2 (0ms)
			AwakeInstancesAfterBackupRestoration (34ms)
Platform modules already initialized, skipping
Switching build target platform(19) subTarget(0) extendedPlatform(0) -> platform(13) subTarget(537395200) extendedPlatform(0)
Refreshing native plugins compatible for Editor in 1.13 ms, found 3 plugins.
Preloading 0 native plugins for Editor in 0.00 ms.
Unloading 2124 Unused Serialized files (Serialized files now loaded: 0)
System memory in use before: 103.9 MB.
System memory in use after: 103.9 MB.

Unloading 21 unused Assets to reduce memory usage. Loaded Objects now: 2683.
Total: 7.043900 ms (FindLiveObjects: 0.773700 ms CreateObjectMapping: 0.264000 ms MarkObjects: 5.733900 ms  DeleteObjects: 0.269300 ms)

AssetImportParameters requested are different than current active one (requested -> active):
  custom:framework-win-MediaFoundation: 216162199b28c13a410421893ffa2e32 -> 
  custom:video-decoder-ogg-theora: a1e56fd34408186e4bbccfd4996cb3dc -> 
  custom:container-muxer-webm: aa71ff27fc2769a1b78a27578f13a17b -> 
  custom:container-demuxer-webm: 4f35f7cbe854078d1ac9338744f61a02 -> 
  custom:container-demuxer-ogg: 62fdf1f143b41e24485cea50d1cbac27 -> 
  custom:video-encoder-webm-vp8: eb34c28f22e8b96e1ab97ce403110664 -> 
  custom:video-decoder-webm-vp8: 9c59270c3fd7afecdb556c50c9e8de78 -> 
  custom:graphics/normal-map-encoding: 01000000000000000000000000000000 -> 02000000000000000000000000000000
  custom:audio-decoder-ogg-vorbis: bf7c407c2cedff20999df2af8eb42d56 -> 
  custom:audio-encoder-webm-vorbis: bf7c407c2cedff20999df2af8eb42d56 -> 
========================================================================
Received Import Request.
  Time since last request: 8.276754 seconds.
  path: Assets/Audio/CoinCollectSound.prefab
  artifactKey: Guid(996d62d9628d93d409a82322e5a9bab4) Importer(815301076,1909f56bfc062723c751e8b465ee728b)
Start importing Assets/Audio/CoinCollectSound.prefab using Guid(996d62d9628d93d409a82322e5a9bab4) Importer(815301076,1909f56bfc062723c751e8b465ee728b)  -> (artifact id: '68416896bfe276f399961f24df740070') in 0.072360 seconds 
========================================================================
Received Import Request.
  Time since last request: 2.484907 seconds.
  path: Assets/Audio/CoinCollectSound.prefab
  artifactKey: Guid(996d62d9628d93d409a82322e5a9bab4) Importer(815301076,1909f56bfc062723c751e8b465ee728b)
Start importing Assets/Audio/CoinCollectSound.prefab using Guid(996d62d9628d93d409a82322e5a9bab4) Importer(815301076,1909f56bfc062723c751e8b465ee728b)  -> (artifact id: 'dbb19af1c419f0db932b30425cf66a96') in 0.020460 seconds 
========================================================================
Received Prepare
Registering precompiled user dll's ...
Registered in 0.023677 seconds.
Begin MonoManager ReloadAssembly
Native extension for WindowsStandalone target not found
Refreshing native plugins compatible for Editor in 0.71 ms, found 3 plugins.
Preloading 0 native plugins for Editor in 0.00 ms.
Mono: successfully reloaded assembly
- Completed reload, in  3.906 seconds
Domain Reload Profiling:
	ReloadAssembly (3907ms)
		BeginReloadAssembly (788ms)
			ExecutionOrderSort (0ms)
			DisableScriptedObjects (34ms)
			BackupInstance (0ms)
			ReleaseScriptingObjects (0ms)
			CreateAndSetChildDomain (91ms)
		EndReloadAssembly (2709ms)
			LoadAssemblies (785ms)
			RebuildTransferFunctionScriptingTraits (0ms)
			SetupTypeCache (787ms)
			ReleaseScriptCaches (1ms)
			RebuildScriptCaches (80ms)
			SetupLoadedEditorAssemblies (826ms)
				LogAssemblyErrors (0ms)
				InitializePlatformSupportModulesInManaged (11ms)
				SetLoadedEditorAssemblies (1ms)
				RefreshPlugins (1ms)
				BeforeProcessingInitializeOnLoad (201ms)
				ProcessInitializeOnLoadAttributes (537ms)
				ProcessInitializeOnLoadMethodAttributes (22ms)
				AfterProcessingInitializeOnLoad (54ms)
				EditorAssembliesLoaded (0ms)
			ExecutionOrderSort2 (0ms)
			AwakeInstancesAfterBackupRestoration (40ms)
Platform modules already initialized, skipping
Switching build target platform(19) subTarget(0) extendedPlatform(0) -> platform(13) subTarget(537395200) extendedPlatform(0)
Refreshing native plugins compatible for Editor in 0.69 ms, found 3 plugins.
Preloading 0 native plugins for Editor in 0.00 ms.
Unloading 2124 Unused Serialized files (Serialized files now loaded: 0)
System memory in use before: 103.9 MB.
System memory in use after: 103.9 MB.

Unloading 21 unused Assets to reduce memory usage. Loaded Objects now: 2687.
Total: 6.502800 ms (FindLiveObjects: 0.273600 ms CreateObjectMapping: 0.078400 ms MarkObjects: 5.919200 ms  DeleteObjects: 0.229300 ms)

AssetImportParameters requested are different than current active one (requested -> active):
  custom:framework-win-MediaFoundation: 216162199b28c13a410421893ffa2e32 -> 
  custom:video-decoder-ogg-theora: a1e56fd34408186e4bbccfd4996cb3dc -> 
  custom:container-muxer-webm: aa71ff27fc2769a1b78a27578f13a17b -> 
  custom:container-demuxer-webm: 4f35f7cbe854078d1ac9338744f61a02 -> 
  custom:container-demuxer-ogg: 62fdf1f143b41e24485cea50d1cbac27 -> 
  custom:video-encoder-webm-vp8: eb34c28f22e8b96e1ab97ce403110664 -> 
  custom:video-decoder-webm-vp8: 9c59270c3fd7afecdb556c50c9e8de78 -> 
  custom:graphics/normal-map-encoding: 01000000000000000000000000000000 -> 02000000000000000000000000000000
  custom:audio-decoder-ogg-vorbis: bf7c407c2cedff20999df2af8eb42d56 -> 
  custom:audio-encoder-webm-vorbis: bf7c407c2cedff20999df2af8eb42d56 -> 
========================================================================
Received Import Request.
  Time since last request: 669.771806 seconds.
  path: Assets/Skins/YellowPl 1.asset
  artifactKey: Guid(3bb59a7a70b88654e97e12f7c49f2c0c) Importer(815301076,1909f56bfc062723c751e8b465ee728b)
Start importing Assets/Skins/YellowPl 1.asset using Guid(3bb59a7a70b88654e97e12f7c49f2c0c) Importer(815301076,1909f56bfc062723c751e8b465ee728b)  -> (artifact id: '931242b290a32b900f508bb5ff253da2') in 0.070931 seconds 
========================================================================
Received Import Request.
  Time since last request: 4.273492 seconds.
  path: Assets/Skins/BlackPl.asset
  artifactKey: Guid(3bb59a7a70b88654e97e12f7c49f2c0c) Importer(815301076,1909f56bfc062723c751e8b465ee728b)
Start importing Assets/Skins/BlackPl.asset using Guid(3bb59a7a70b88654e97e12f7c49f2c0c) Importer(815301076,1909f56bfc062723c751e8b465ee728b)  -> (artifact id: '9e6a571a51a482cc4fa087c32fd9d8f3') in 0.024698 seconds 
========================================================================
Received Import Request.
  Time since last request: 21.977491 seconds.
  path: Assets/Skins/BlackPl.asset
  artifactKey: Guid(3bb59a7a70b88654e97e12f7c49f2c0c) Importer(815301076,1909f56bfc062723c751e8b465ee728b)
Start importing Assets/Skins/BlackPl.asset using Guid(3bb59a7a70b88654e97e12f7c49f2c0c) Importer(815301076,1909f56bfc062723c751e8b465ee728b)  -> (artifact id: '15764996c0750234c602b50ad80a02bb') in 0.018321 seconds 
========================================================================
Received Import Request.
  Time since last request: 15.559248 seconds.
  path: Assets/Skins/BlackPl.asset
  artifactKey: Guid(3bb59a7a70b88654e97e12f7c49f2c0c) Importer(815301076,1909f56bfc062723c751e8b465ee728b)
Start importing Assets/Skins/BlackPl.asset using Guid(3bb59a7a70b88654e97e12f7c49f2c0c) Importer(815301076,1909f56bfc062723c751e8b465ee728b)  -> (artifact id: '4deb26d714f6e257a676532d9a5e05a1') in 0.014886 seconds 
========================================================================
Received Import Request.
  Time since last request: 8.985829 seconds.
  path: Assets/Skins/BlackPl.asset
  artifactKey: Guid(3bb59a7a70b88654e97e12f7c49f2c0c) Importer(815301076,1909f56bfc062723c751e8b465ee728b)
Start importing Assets/Skins/BlackPl.asset using Guid(3bb59a7a70b88654e97e12f7c49f2c0c) Importer(815301076,1909f56bfc062723c751e8b465ee728b)  -> (artifact id: '734c71e1aa1fc49d4e026153a6597af2') in 0.016057 seconds 
========================================================================
Received Import Request.
  Time since last request: 5.421289 seconds.
  path: Assets/Skins/BlackPl 1.asset
  artifactKey: Guid(e6180fa57828d2d46ad1ea6bedbafb34) Importer(815301076,1909f56bfc062723c751e8b465ee728b)
Start importing Assets/Skins/BlackPl 1.asset using Guid(e6180fa57828d2d46ad1ea6bedbafb34) Importer(815301076,1909f56bfc062723c751e8b465ee728b)  -> (artifact id: '2f393fb7eb74ed7fc1b17ba09e12d330') in 0.029705 seconds 
========================================================================
Received Import Request.
  Time since last request: 4.259122 seconds.
  path: Assets/Skins/WhitePl.asset
  artifactKey: Guid(e6180fa57828d2d46ad1ea6bedbafb34) Importer(815301076,1909f56bfc062723c751e8b465ee728b)
Start importing Assets/Skins/WhitePl.asset using Guid(e6180fa57828d2d46ad1ea6bedbafb34) Importer(815301076,1909f56bfc062723c751e8b465ee728b)  -> (artifact id: 'd98aec899d45917b09215c3ccee7da83') in 0.028840 seconds 
========================================================================
Received Import Request.
  Time since last request: 5.761513 seconds.
  path: Assets/Skins/WhitePl.asset
  artifactKey: Guid(e6180fa57828d2d46ad1ea6bedbafb34) Importer(815301076,1909f56bfc062723c751e8b465ee728b)
Start importing Assets/Skins/WhitePl.asset using Guid(e6180fa57828d2d46ad1ea6bedbafb34) Importer(815301076,1909f56bfc062723c751e8b465ee728b)  -> (artifact id: '0147ec89cb79bb19161cb7ba0129c0c5') in 0.016595 seconds 
========================================================================
Received Import Request.
  Time since last request: 13.401369 seconds.
  path: Assets/Sprites/yellowPl 1
  artifactKey: Guid(f46252ed09c556146bfce8aba39c6db3) Importer(815301076,1909f56bfc062723c751e8b465ee728b)
Start importing Assets/Sprites/yellowPl 1 using Guid(f46252ed09c556146bfce8aba39c6db3) Importer(815301076,1909f56bfc062723c751e8b465ee728b)  -> (artifact id: 'c6b73c011b57bf10098434c4816b544a') in 0.027311 seconds 
========================================================================
Received Import Request.
  Time since last request: 8.011796 seconds.
  path: Assets/Sprites/BlackPl
  artifactKey: Guid(51cacff95b1d2b540896999f2f3ef732) Importer(815301076,1909f56bfc062723c751e8b465ee728b)
Start importing Assets/Sprites/BlackPl using Guid(51cacff95b1d2b540896999f2f3ef732) Importer(815301076,1909f56bfc062723c751e8b465ee728b)  -> (artifact id: '72f03401f0f5695cc9cc4d20fd6f466a') in 0.024088 seconds 
========================================================================
Received Import Request.
  Time since last request: 4.938942 seconds.
  path: Assets/Sprites/WhitePl
  artifactKey: Guid(76d659782d33dd2418da6f16a3cb011f) Importer(815301076,1909f56bfc062723c751e8b465ee728b)
Start importing Assets/Sprites/WhitePl using Guid(76d659782d33dd2418da6f16a3cb011f) Importer(815301076,1909f56bfc062723c751e8b465ee728b)  -> (artifact id: '4e5142d84528cce9fc5ed87390fb2fe2') in 0.038528 seconds 
========================================================================
Received Import Request.
  Time since last request: 6.984472 seconds.
  path: Assets/Animations/PlayerSkins/YellowPlayer 1
  artifactKey: Guid(fb0910ade22bf3348bb60ec44a8a2a09) Importer(815301076,1909f56bfc062723c751e8b465ee728b)
Start importing Assets/Animations/PlayerSkins/YellowPlayer 1 using Guid(fb0910ade22bf3348bb60ec44a8a2a09) Importer(815301076,1909f56bfc062723c751e8b465ee728b)  -> (artifact id: '1fb3cfe419752941bbf7ec4412953132') in 0.026884 seconds 
========================================================================
Received Import Request.
  Time since last request: 5.045164 seconds.
  path: Assets/Animations/PlayerSkins/BlackPlayer
  artifactKey: Guid(fb0910ade22bf3348bb60ec44a8a2a09) Importer(815301076,1909f56bfc062723c751e8b465ee728b)
Start importing Assets/Animations/PlayerSkins/BlackPlayer using Guid(fb0910ade22bf3348bb60ec44a8a2a09) Importer(815301076,1909f56bfc062723c751e8b465ee728b)  -> (artifact id: '4d072c87727778f099e204fe46d1e4fe') in 0.024810 seconds 
========================================================================
Received Import Request.
  Time since last request: 1.592492 seconds.
  path: Assets/Animations/PlayerSkins/BlackPlayer/GreenPlayer.controller
  artifactKey: Guid(fceb362f619f1fd448920553d794ef19) Importer(815301076,1909f56bfc062723c751e8b465ee728b)
Start importing Assets/Animations/PlayerSkins/BlackPlayer/GreenPlayer.controller using Guid(fceb362f619f1fd448920553d794ef19) Importer(815301076,1909f56bfc062723c751e8b465ee728b)  -> (artifact id: '802cd7d7e50329c93ac15446ca9a937b') in 0.055563 seconds 
========================================================================
Received Import Request.
  Time since last request: 4.105662 seconds.
  path: Assets/Animations/PlayerSkins/BlackPlayer/BkacPlayer.controller
  artifactKey: Guid(fceb362f619f1fd448920553d794ef19) Importer(815301076,1909f56bfc062723c751e8b465ee728b)
Start importing Assets/Animations/PlayerSkins/BlackPlayer/BkacPlayer.controller using Guid(fceb362f619f1fd448920553d794ef19) Importer(815301076,1909f56bfc062723c751e8b465ee728b)  -> (artifact id: 'ebbb6f45ab22d53bc744de448d8e283c') in 0.030374 seconds 
========================================================================
Received Import Request.
  Time since last request: 7.570878 seconds.
  path: Assets/Animations/PlayerSkins/BlackPlayer/BlackPlayer.controller
  artifactKey: Guid(fceb362f619f1fd448920553d794ef19) Importer(815301076,1909f56bfc062723c751e8b465ee728b)
Start importing Assets/Animations/PlayerSkins/BlackPlayer/BlackPlayer.controller using Guid(fceb362f619f1fd448920553d794ef19) Importer(815301076,1909f56bfc062723c751e8b465ee728b)  -> (artifact id: '55746ebbd04f951b8d3d6c96cf3884d5') in 0.023209 seconds 
========================================================================
Received Import Request.
  Time since last request: 1.347907 seconds.
  path: Assets/Animations/PlayerSkins/BlackPlayer/GreenDie.anim
  artifactKey: Guid(cd9d7f962224b344792cfcdce4f762e0) Importer(815301076,1909f56bfc062723c751e8b465ee728b)
Start importing Assets/Animations/PlayerSkins/BlackPlayer/GreenDie.anim using Guid(cd9d7f962224b344792cfcdce4f762e0) Importer(815301076,1909f56bfc062723c751e8b465ee728b)  -> (artifact id: '23b4ac9b71157c590e9d858b264f4c4f') in 0.035467 seconds 
========================================================================
Received Import Request.
  Time since last request: 4.051013 seconds.
  path: Assets/Animations/PlayerSkins/BlackPlayer/BlackDie.anim
  artifactKey: Guid(cd9d7f962224b344792cfcdce4f762e0) Importer(815301076,1909f56bfc062723c751e8b465ee728b)
Start importing Assets/Animations/PlayerSkins/BlackPlayer/BlackDie.anim using Guid(cd9d7f962224b344792cfcdce4f762e0) Importer(815301076,1909f56bfc062723c751e8b465ee728b)  -> (artifact id: '7a71b502207c3cdbe1c888e9650a2e2a') in 0.023703 seconds 
========================================================================
Received Import Request.
  Time since last request: 1.468494 seconds.
  path: Assets/Animations/PlayerSkins/BlackPlayer/GreenIdle.anim
  artifactKey: Guid(4eebdaf9fa9fb8b46bfdabe20e52c74b) Importer(815301076,1909f56bfc062723c751e8b465ee728b)
Start importing Assets/Animations/PlayerSkins/BlackPlayer/GreenIdle.anim using Guid(4eebdaf9fa9fb8b46bfdabe20e52c74b) Importer(815301076,1909f56bfc062723c751e8b465ee728b)  -> (artifact id: 'b605ce860c5e556d8e56d469fb87d270') in 0.039329 seconds 
========================================================================
Received Import Request.
  Time since last request: 3.194532 seconds.
  path: Assets/Animations/PlayerSkins/BlackPlayer/BlackIdle.anim
  artifactKey: Guid(4eebdaf9fa9fb8b46bfdabe20e52c74b) Importer(815301076,1909f56bfc062723c751e8b465ee728b)
Start importing Assets/Animations/PlayerSkins/BlackPlayer/BlackIdle.anim using Guid(4eebdaf9fa9fb8b46bfdabe20e52c74b) Importer(815301076,1909f56bfc062723c751e8b465ee728b)  -> (artifact id: '8a9822607d07da9e7d24b4e6b736d189') in 0.027123 seconds 
========================================================================
Received Import Request.
  Time since last request: 0.962330 seconds.
  path: Assets/Animations/PlayerSkins/BlackPlayer/GreenMove.anim
  artifactKey: Guid(4b28820a5f580ab448d33ce442c44e8a) Importer(815301076,1909f56bfc062723c751e8b465ee728b)
Start importing Assets/Animations/PlayerSkins/BlackPlayer/GreenMove.anim using Guid(4b28820a5f580ab448d33ce442c44e8a) Importer(815301076,1909f56bfc062723c751e8b465ee728b)  -> (artifact id: '3527a630d7e3782c112816ced95e9071') in 0.071280 seconds 
========================================================================
Received Import Request.
  Time since last request: 3.755751 seconds.
  path: Assets/Animations/PlayerSkins/BlackPlayer/BlackMove.anim
  artifactKey: Guid(4b28820a5f580ab448d33ce442c44e8a) Importer(815301076,1909f56bfc062723c751e8b465ee728b)
Start importing Assets/Animations/PlayerSkins/BlackPlayer/BlackMove.anim using Guid(4b28820a5f580ab448d33ce442c44e8a) Importer(815301076,1909f56bfc062723c751e8b465ee728b)  -> (artifact id: 'a2a3482d2484c40b5816bdd8a59d8af3') in 0.026319 seconds 
========================================================================
Received Import Request.
  Time since last request: 5.249479 seconds.
  path: Assets/Animations/PlayerSkins/GreenPlayer 1
  artifactKey: Guid(c1d77696e41ad0d4cb98a6462a32b60f) Importer(815301076,1909f56bfc062723c751e8b465ee728b)
Start importing Assets/Animations/PlayerSkins/GreenPlayer 1 using Guid(c1d77696e41ad0d4cb98a6462a32b60f) Importer(815301076,1909f56bfc062723c751e8b465ee728b)  -> (artifact id: '32dc39feebad213e9ce711a73dfbeb8f') in 0.028899 seconds 
========================================================================
Received Import Request.
  Time since last request: 3.178411 seconds.
  path: Assets/Animations/PlayerSkins/BlackPlayer 1
  artifactKey: Guid(2862e464fdef40d44b2ca6141ca678b1) Importer(815301076,1909f56bfc062723c751e8b465ee728b)
Start importing Assets/Animations/PlayerSkins/BlackPlayer 1 using Guid(2862e464fdef40d44b2ca6141ca678b1) Importer(815301076,1909f56bfc062723c751e8b465ee728b)  -> (artifact id: 'c6a28e75d5d8d4acf54f5613cc563889') in 0.030772 seconds 
========================================================================
Received Import Request.
  Time since last request: 4.244962 seconds.
  path: Assets/Animations/PlayerSkins/WhitePlayer
  artifactKey: Guid(2862e464fdef40d44b2ca6141ca678b1) Importer(815301076,1909f56bfc062723c751e8b465ee728b)
Start importing Assets/Animations/PlayerSkins/WhitePlayer using Guid(2862e464fdef40d44b2ca6141ca678b1) Importer(815301076,1909f56bfc062723c751e8b465ee728b)  -> (artifact id: 'f8795e6c98a21b580cdd0b6c3aa5a631') in 0.028971 seconds 
========================================================================
Received Import Request.
  Time since last request: 1.338818 seconds.
  path: Assets/Animations/PlayerSkins/WhitePlayer/BlackPlayer.controller
  artifactKey: Guid(51982638886262f44a26b98fe916f3db) Importer(815301076,1909f56bfc062723c751e8b465ee728b)
Start importing Assets/Animations/PlayerSkins/WhitePlayer/BlackPlayer.controller using Guid(51982638886262f44a26b98fe916f3db) Importer(815301076,1909f56bfc062723c751e8b465ee728b)  -> (artifact id: 'ac76baf671e888fe46339495b0752862') in 0.048422 seconds 
========================================================================
Received Import Request.
  Time since last request: 3.804968 seconds.
  path: Assets/Animations/PlayerSkins/WhitePlayer/WhitePlayer.controller
  artifactKey: Guid(51982638886262f44a26b98fe916f3db) Importer(815301076,1909f56bfc062723c751e8b465ee728b)
Start importing Assets/Animations/PlayerSkins/WhitePlayer/WhitePlayer.controller using Guid(51982638886262f44a26b98fe916f3db) Importer(815301076,1909f56bfc062723c751e8b465ee728b)  -> (artifact id: '676f5d0d1241918f95dac8e762c26129') in 0.019674 seconds 
========================================================================
Received Import Request.
  Time since last request: 0.949381 seconds.
  path: Assets/Animations/PlayerSkins/WhitePlayer/BlackMove.anim
  artifactKey: Guid(1c4d6558ded28894dabd89092a7e8cd1) Importer(815301076,1909f56bfc062723c751e8b465ee728b)
Start importing Assets/Animations/PlayerSkins/WhitePlayer/BlackMove.anim using Guid(1c4d6558ded28894dabd89092a7e8cd1) Importer(815301076,1909f56bfc062723c751e8b465ee728b)  -> (artifact id: 'e13260d4f09df9fe997cd398b8f0ae91') in 0.022876 seconds 
========================================================================
Received Import Request.
  Time since last request: 3.368290 seconds.
  path: Assets/Animations/PlayerSkins/WhitePlayer/WhiteMove.anim
  artifactKey: Guid(1c4d6558ded28894dabd89092a7e8cd1) Importer(815301076,1909f56bfc062723c751e8b465ee728b)
Start importing Assets/Animations/PlayerSkins/WhitePlayer/WhiteMove.anim using Guid(1c4d6558ded28894dabd89092a7e8cd1) Importer(815301076,1909f56bfc062723c751e8b465ee728b)  -> (artifact id: '7094822d335a73eadac73b842dbf65ac') in 0.028668 seconds 
========================================================================
Received Import Request.
  Time since last request: 0.943712 seconds.
  path: Assets/Animations/PlayerSkins/WhitePlayer/BlackIdle.anim
  artifactKey: Guid(4a01c2bc552c06c4bacb1165e0e005c8) Importer(815301076,1909f56bfc062723c751e8b465ee728b)
Start importing Assets/Animations/PlayerSkins/WhitePlayer/BlackIdle.anim using Guid(4a01c2bc552c06c4bacb1165e0e005c8) Importer(815301076,1909f56bfc062723c751e8b465ee728b)  -> (artifact id: 'b6495c51005dea028b251ad9da47a1f2') in 0.034963 seconds 
========================================================================
Received Import Request.
  Time since last request: 4.507459 seconds.
  path: Assets/Animations/PlayerSkins/WhitePlayer/WhiteIdle.anim
  artifactKey: Guid(4a01c2bc552c06c4bacb1165e0e005c8) Importer(815301076,1909f56bfc062723c751e8b465ee728b)
Start importing Assets/Animations/PlayerSkins/WhitePlayer/WhiteIdle.anim using Guid(4a01c2bc552c06c4bacb1165e0e005c8) Importer(815301076,1909f56bfc062723c751e8b465ee728b)  -> (artifact id: '90f5f12a9c80550eee01d4c3d305cf3b') in 0.024147 seconds 
========================================================================
Received Import Request.
  Time since last request: 0.869385 seconds.
  path: Assets/Animations/PlayerSkins/WhitePlayer/BlackDie.anim
  artifactKey: Guid(98a8f8b7720f7ba47a4fa119eb9bee0e) Importer(815301076,1909f56bfc062723c751e8b465ee728b)
Start importing Assets/Animations/PlayerSkins/WhitePlayer/BlackDie.anim using Guid(98a8f8b7720f7ba47a4fa119eb9bee0e) Importer(815301076,1909f56bfc062723c751e8b465ee728b)  -> (artifact id: 'a2accb0e0458e044a00064e101dbaa57') in 0.021240 seconds 
========================================================================
Received Import Request.
  Time since last request: 3.701236 seconds.
  path: Assets/Animations/PlayerSkins/WhitePlayer/WhitekDie.anim
  artifactKey: Guid(98a8f8b7720f7ba47a4fa119eb9bee0e) Importer(815301076,1909f56bfc062723c751e8b465ee728b)
Start importing Assets/Animations/PlayerSkins/WhitePlayer/WhitekDie.anim using Guid(98a8f8b7720f7ba47a4fa119eb9bee0e) Importer(815301076,1909f56bfc062723c751e8b465ee728b)  -> (artifact id: 'fb2b951e056390bce0ad66cfd7805811') in 0.042633 seconds 
========================================================================
Received Import Request.
  Time since last request: 81.125077 seconds.
  path: Assets/_Scenes/Menu.unity
  artifactKey: Guid(086e97b4280788240b165418bd5a1d66) Importer(815301076,1909f56bfc062723c751e8b465ee728b)
Start importing Assets/_Scenes/Menu.unity using Guid(086e97b4280788240b165418bd5a1d66) Importer(815301076,1909f56bfc062723c751e8b465ee728b)  -> (artifact id: 'cb68d810eb40283a390094eef1903c62') in 0.040216 seconds 
========================================================================
Received Import Request.
  Time since last request: 20.676878 seconds.
  path: Assets/_Scenes/Game.unity
  artifactKey: Guid(c93dfb9972983704ba644f38c442c985) Importer(815301076,1909f56bfc062723c751e8b465ee728b)
Start importing Assets/_Scenes/Game.unity using Guid(c93dfb9972983704ba644f38c442c985) Importer(815301076,1909f56bfc062723c751e8b465ee728b)  -> (artifact id: '5e97eb77ce5353646756c5a308634a14') in 0.017892 seconds 
========================================================================
Received Import Request.
  Time since last request: 2423.374367 seconds.
  path: Assets/Sprites/BlackPl/1.PNG
  artifactKey: Guid(dc62747742a22414280f0c5d88b88261) Importer(815301076,1909f56bfc062723c751e8b465ee728b)
Start importing Assets/Sprites/BlackPl/1.PNG using Guid(dc62747742a22414280f0c5d88b88261) Importer(815301076,1909f56bfc062723c751e8b465ee728b)  -> (artifact id: '3c2f4d732ab76bf1d068ccbdc6aab847') in 0.880973 seconds 
========================================================================
Received Import Request.
  Time since last request: 0.000695 seconds.
  path: Assets/Sprites/BlackPl/3.PNG
  artifactKey: Guid(c4313eec84656ab448fbf38ffb1c7e29) Importer(815301076,1909f56bfc062723c751e8b465ee728b)
Start importing Assets/Sprites/BlackPl/3.PNG using Guid(c4313eec84656ab448fbf38ffb1c7e29) Importer(815301076,1909f56bfc062723c751e8b465ee728b)  -> (artifact id: 'e58f4a533ae0271c3d734a634e680696') in 0.101168 seconds 
========================================================================
Received Import Request.
  Time since last request: 0.000989 seconds.
  path: Assets/Sprites/BlackPl/blackLeft.PNG
  artifactKey: Guid(4dc51e52e67fa0746be55096184e5628) Importer(815301076,1909f56bfc062723c751e8b465ee728b)
Start importing Assets/Sprites/BlackPl/blackLeft.PNG using Guid(4dc51e52e67fa0746be55096184e5628) Importer(815301076,1909f56bfc062723c751e8b465ee728b)  -> (artifact id: 'ce7d465bd87d5d2d3512d09007aea87b') in 0.090664 seconds 
========================================================================
Received Import Request.
  Time since last request: 14.553117 seconds.
  path: Assets/Sprites/BlackPl/1.PNG
  artifactKey: Guid(dc62747742a22414280f0c5d88b88261) Importer(815301076,1909f56bfc062723c751e8b465ee728b)
Start importing Assets/Sprites/BlackPl/1.PNG using Guid(dc62747742a22414280f0c5d88b88261) Importer(815301076,1909f56bfc062723c751e8b465ee728b)  -> (artifact id: 'd5b4be0c7891849fdf637b95426e0a04') in 0.285108 seconds 
========================================================================
Received Import Request.
  Time since last request: 0.000612 seconds.
  path: Assets/Sprites/BlackPl/3.PNG
  artifactKey: Guid(c4313eec84656ab448fbf38ffb1c7e29) Importer(815301076,1909f56bfc062723c751e8b465ee728b)
Start importing Assets/Sprites/BlackPl/3.PNG using Guid(c4313eec84656ab448fbf38ffb1c7e29) Importer(815301076,1909f56bfc062723c751e8b465ee728b)  -> (artifact id: 'eacd38301ebcab2d31bb80435dd5bf19') in 0.344990 seconds 
========================================================================
Received Import Request.
  Time since last request: 0.000223 seconds.
  path: Assets/Sprites/BlackPl/blackLeft.PNG
  artifactKey: Guid(4dc51e52e67fa0746be55096184e5628) Importer(815301076,1909f56bfc062723c751e8b465ee728b)
Start importing Assets/Sprites/BlackPl/blackLeft.PNG using Guid(4dc51e52e67fa0746be55096184e5628) Importer(815301076,1909f56bfc062723c751e8b465ee728b)  -> (artifact id: 'd91d48a85d558c4dfbfa5597e0bc618f') in 0.477507 seconds 
========================================================================
Received Import Request.
  Time since last request: 401.315837 seconds.
  path: Assets/Sprites/BlackPl/die.PNG
  artifactKey: Guid(7632cd00052432d468c3a5f50cde0f8c) Importer(815301076,1909f56bfc062723c751e8b465ee728b)
Start importing Assets/Sprites/BlackPl/die.PNG using Guid(7632cd00052432d468c3a5f50cde0f8c) Importer(815301076,1909f56bfc062723c751e8b465ee728b)  -> (artifact id: 'b82a4352035c635d22551872848a555f') in 0.080494 seconds 
========================================================================
Received Import Request.
  Time since last request: 1320.833455 seconds.
  path: Assets/Sprites/BlackPl/2.PNG
  artifactKey: Guid(6aca4b165ba69c849bfba627d1da727b) Importer(815301076,1909f56bfc062723c751e8b465ee728b)
Start importing Assets/Sprites/BlackPl/2.PNG using Guid(6aca4b165ba69c849bfba627d1da727b) Importer(815301076,1909f56bfc062723c751e8b465ee728b)  -> (artifact id: '1b6a7f2c1883ecc86bda9542fd994873') in 0.134504 seconds 
========================================================================
Received Import Request.
  Time since last request: 20.927588 seconds.
  path: Assets/Sprites/BlackPl/2.PNG
  artifactKey: Guid(6aca4b165ba69c849bfba627d1da727b) Importer(815301076,1909f56bfc062723c751e8b465ee728b)
Start importing Assets/Sprites/BlackPl/2.PNG using Guid(6aca4b165ba69c849bfba627d1da727b) Importer(815301076,1909f56bfc062723c751e8b465ee728b)  -> (artifact id: 'a80897db1ec648a720ae1b55f7f611b1') in 0.078204 seconds 
========================================================================
Received Import Request.
  Time since last request: 15.995549 seconds.
  path: Assets/Sprites/WhitePl/1.PNG
  artifactKey: Guid(e94f5792eb7331c48a743af7465afffd) Importer(815301076,1909f56bfc062723c751e8b465ee728b)
Start importing Assets/Sprites/WhitePl/1.PNG using Guid(e94f5792eb7331c48a743af7465afffd) Importer(815301076,1909f56bfc062723c751e8b465ee728b)  -> (artifact id: '8bba23529af6e8aec7efffad7c3b4c31') in 0.078682 seconds 
========================================================================
Received Import Request.
  Time since last request: 0.000602 seconds.
  path: Assets/Sprites/WhitePl/2.PNG
  artifactKey: Guid(6a5471b0a2b190149a9c6c17dcda05e9) Importer(815301076,1909f56bfc062723c751e8b465ee728b)
Start importing Assets/Sprites/WhitePl/2.PNG using Guid(6a5471b0a2b190149a9c6c17dcda05e9) Importer(815301076,1909f56bfc062723c751e8b465ee728b)  -> (artifact id: 'ea81d144e363b35019c7b56d048ac6ec') in 0.071419 seconds 
========================================================================
Received Import Request.
  Time since last request: 0.000597 seconds.
  path: Assets/Sprites/WhitePl/3.PNG
  artifactKey: Guid(36eca1d2e2fa5e141a9b96b7b3ce3c28) Importer(815301076,1909f56bfc062723c751e8b465ee728b)
Start importing Assets/Sprites/WhitePl/3.PNG using Guid(36eca1d2e2fa5e141a9b96b7b3ce3c28) Importer(815301076,1909f56bfc062723c751e8b465ee728b)  -> (artifact id: 'afcde7f0f1e2238124ef143ecd3b7d51') in 0.069114 seconds 
========================================================================
Received Import Request.
  Time since last request: 0.000669 seconds.
  path: Assets/Sprites/WhitePl/left.PNG
  artifactKey: Guid(3eeee0cb4c8e2f645afd15bcb6704f5f) Importer(815301076,1909f56bfc062723c751e8b465ee728b)
Start importing Assets/Sprites/WhitePl/left.PNG using Guid(3eeee0cb4c8e2f645afd15bcb6704f5f) Importer(815301076,1909f56bfc062723c751e8b465ee728b)  -> (artifact id: '6c0ce46a4b19182f7f3a208b15afd8d4') in 0.077610 seconds 
========================================================================
Received Import Request.
  Time since last request: 0.000532 seconds.
  path: Assets/Sprites/WhitePl/die.PNG
  artifactKey: Guid(75564e7afddb67647965be7e35ac66b0) Importer(815301076,1909f56bfc062723c751e8b465ee728b)
Start importing Assets/Sprites/WhitePl/die.PNG using Guid(75564e7afddb67647965be7e35ac66b0) Importer(815301076,1909f56bfc062723c751e8b465ee728b)  -> (artifact id: 'b30fe8af953899d7b500111798dece44') in 0.060972 seconds 
========================================================================
Received Import Request.
  Time since last request: 18.323737 seconds.
  path: Assets/Sprites/WhitePl/1.PNG
  artifactKey: Guid(e94f5792eb7331c48a743af7465afffd) Importer(815301076,1909f56bfc062723c751e8b465ee728b)
Start importing Assets/Sprites/WhitePl/1.PNG using Guid(e94f5792eb7331c48a743af7465afffd) Importer(815301076,1909f56bfc062723c751e8b465ee728b)  -> (artifact id: '10c25e9427127f8ac3ce7fc96220488d') in 0.060327 seconds 
========================================================================
Received Import Request.
  Time since last request: 0.000728 seconds.
  path: Assets/Sprites/WhitePl/2.PNG
  artifactKey: Guid(6a5471b0a2b190149a9c6c17dcda05e9) Importer(815301076,1909f56bfc062723c751e8b465ee728b)
Start importing Assets/Sprites/WhitePl/2.PNG using Guid(6a5471b0a2b190149a9c6c17dcda05e9) Importer(815301076,1909f56bfc062723c751e8b465ee728b)  -> (artifact id: '55381a4f179dbf193842bb171c2be37d') in 0.064264 seconds 
========================================================================
Received Import Request.
  Time since last request: 0.000619 seconds.
  path: Assets/Sprites/WhitePl/3.PNG
  artifactKey: Guid(36eca1d2e2fa5e141a9b96b7b3ce3c28) Importer(815301076,1909f56bfc062723c751e8b465ee728b)
Start importing Assets/Sprites/WhitePl/3.PNG using Guid(36eca1d2e2fa5e141a9b96b7b3ce3c28) Importer(815301076,1909f56bfc062723c751e8b465ee728b)  -> (artifact id: '9684d51a1ce41a89c08c6ebeec3a8554') in 0.057230 seconds 
========================================================================
Received Import Request.
  Time since last request: 0.000528 seconds.
  path: Assets/Sprites/WhitePl/left.PNG
  artifactKey: Guid(3eeee0cb4c8e2f645afd15bcb6704f5f) Importer(815301076,1909f56bfc062723c751e8b465ee728b)
Start importing Assets/Sprites/WhitePl/left.PNG using Guid(3eeee0cb4c8e2f645afd15bcb6704f5f) Importer(815301076,1909f56bfc062723c751e8b465ee728b)  -> (artifact id: '32e0bbd5e456c13b056582969c5a9baa') in 0.062995 seconds 
========================================================================
Received Import Request.
  Time since last request: 0.000884 seconds.
  path: Assets/Sprites/WhitePl/die.PNG
  artifactKey: Guid(75564e7afddb67647965be7e35ac66b0) Importer(815301076,1909f56bfc062723c751e8b465ee728b)
Start importing Assets/Sprites/WhitePl/die.PNG using Guid(75564e7afddb67647965be7e35ac66b0) Importer(815301076,1909f56bfc062723c751e8b465ee728b)  -> (artifact id: 'eeebfd69d4b50ccedd467f253b4a1206') in 0.055026 seconds 
========================================================================
Received Import Request.
  Time since last request: 46.995692 seconds.
  path: Assets/Skins/BlackPl.asset
  artifactKey: Guid(3bb59a7a70b88654e97e12f7c49f2c0c) Importer(815301076,1909f56bfc062723c751e8b465ee728b)
Start importing Assets/Skins/BlackPl.asset using Guid(3bb59a7a70b88654e97e12f7c49f2c0c) Importer(815301076,1909f56bfc062723c751e8b465ee728b)  -> (artifact id: '1c22418ed43994a9864a5787737ca860') in 0.065472 seconds 
========================================================================
Received Import Request.
  Time since last request: 0.000598 seconds.
  path: Assets/Skins/WhitePl.asset
  artifactKey: Guid(e6180fa57828d2d46ad1ea6bedbafb34) Importer(815301076,1909f56bfc062723c751e8b465ee728b)
Start importing Assets/Skins/WhitePl.asset using Guid(e6180fa57828d2d46ad1ea6bedbafb34) Importer(815301076,1909f56bfc062723c751e8b465ee728b)  -> (artifact id: '8ba8c105654679d27a710305fd475b7d') in 0.027382 seconds 
========================================================================
Received Import Request.
  Time since last request: 4.789151 seconds.
  path: Assets/_Scenes/Menu.unity
  artifactKey: Guid(086e97b4280788240b165418bd5a1d66) Importer(815301076,1909f56bfc062723c751e8b465ee728b)
Start importing Assets/_Scenes/Menu.unity using Guid(086e97b4280788240b165418bd5a1d66) Importer(815301076,1909f56bfc062723c751e8b465ee728b)  -> (artifact id: 'd784f4d2a514e956731fd533da6b890a') in 0.045072 seconds 
========================================================================
Received Prepare
Registering precompiled user dll's ...
Registered in 0.029661 seconds.
Begin MonoManager ReloadAssembly
Native extension for WindowsStandalone target not found
Refreshing native plugins compatible for Editor in 1.53 ms, found 3 plugins.
Preloading 0 native plugins for Editor in 0.00 ms.
Mono: successfully reloaded assembly
- Completed reload, in  4.635 seconds
Domain Reload Profiling:
	ReloadAssembly (4637ms)
		BeginReloadAssembly (1263ms)
			ExecutionOrderSort (0ms)
			DisableScriptedObjects (47ms)
			BackupInstance (0ms)
			ReleaseScriptingObjects (1ms)
			CreateAndSetChildDomain (916ms)
		EndReloadAssembly (3144ms)
			LoadAssemblies (342ms)
			RebuildTransferFunctionScriptingTraits (0ms)
			SetupTypeCache (801ms)
			ReleaseScriptCaches (3ms)
			RebuildScriptCaches (107ms)
			SetupLoadedEditorAssemblies (954ms)
				LogAssemblyErrors (0ms)
				InitializePlatformSupportModulesInManaged (16ms)
				SetLoadedEditorAssemblies (1ms)
				RefreshPlugins (2ms)
				BeforeProcessingInitializeOnLoad (230ms)
				ProcessInitializeOnLoadAttributes (618ms)
				ProcessInitializeOnLoadMethodAttributes (23ms)
				AfterProcessingInitializeOnLoad (65ms)
				EditorAssembliesLoaded (0ms)
			ExecutionOrderSort2 (0ms)
			AwakeInstancesAfterBackupRestoration (73ms)
Platform modules already initialized, skipping
Switching build target platform(19) subTarget(0) extendedPlatform(0) -> platform(13) subTarget(537395200) extendedPlatform(0)
Refreshing native plugins compatible for Editor in 1.33 ms, found 3 plugins.
Preloading 0 native plugins for Editor in 0.00 ms.
Unloading 2134 Unused Serialized files (Serialized files now loaded: 0)
System memory in use before: 113.2 MB.
System memory in use after: 113.2 MB.

Unloading 21 unused Assets to reduce memory usage. Loaded Objects now: 2968.
Total: 8.504000 ms (FindLiveObjects: 0.566100 ms CreateObjectMapping: 0.122000 ms MarkObjects: 7.533100 ms  DeleteObjects: 0.280000 ms)

AssetImportParameters requested are different than current active one (requested -> active):
  custom:framework-win-MediaFoundation: 216162199b28c13a410421893ffa2e32 -> 
  custom:video-decoder-ogg-theora: a1e56fd34408186e4bbccfd4996cb3dc -> 
  custom:container-muxer-webm: aa71ff27fc2769a1b78a27578f13a17b -> 
  custom:container-demuxer-webm: 4f35f7cbe854078d1ac9338744f61a02 -> 
  custom:container-demuxer-ogg: 62fdf1f143b41e24485cea50d1cbac27 -> 
  custom:video-encoder-webm-vp8: eb34c28f22e8b96e1ab97ce403110664 -> 
  custom:video-decoder-webm-vp8: 9c59270c3fd7afecdb556c50c9e8de78 -> 
  custom:graphics/normal-map-encoding: 01000000000000000000000000000000 -> 02000000000000000000000000000000
  custom:audio-decoder-ogg-vorbis: bf7c407c2cedff20999df2af8eb42d56 -> 
  custom:audio-encoder-webm-vorbis: bf7c407c2cedff20999df2af8eb42d56 -> 
========================================================================
Received Prepare
Registering precompiled user dll's ...
Registered in 0.038133 seconds.
Begin MonoManager ReloadAssembly
Native extension for WindowsStandalone target not found
Refreshing native plugins compatible for Editor in 1.14 ms, found 3 plugins.
Preloading 0 native plugins for Editor in 0.00 ms.
Mono: successfully reloaded assembly
- Completed reload, in  4.348 seconds
Domain Reload Profiling:
	ReloadAssembly (4349ms)
		BeginReloadAssembly (370ms)
			ExecutionOrderSort (0ms)
			DisableScriptedObjects (27ms)
			BackupInstance (0ms)
			ReleaseScriptingObjects (0ms)
			CreateAndSetChildDomain (92ms)
		EndReloadAssembly (3761ms)
			LoadAssemblies (329ms)
			RebuildTransferFunctionScriptingTraits (0ms)
			SetupTypeCache (1429ms)
			ReleaseScriptCaches (4ms)
			RebuildScriptCaches (125ms)
			SetupLoadedEditorAssemblies (974ms)
				LogAssemblyErrors (0ms)
				InitializePlatformSupportModulesInManaged (14ms)
				SetLoadedEditorAssemblies (1ms)
				RefreshPlugins (1ms)
				BeforeProcessingInitializeOnLoad (233ms)
				ProcessInitializeOnLoadAttributes (626ms)
				ProcessInitializeOnLoadMethodAttributes (30ms)
				AfterProcessingInitializeOnLoad (67ms)
				EditorAssembliesLoaded (1ms)
			ExecutionOrderSort2 (0ms)
			AwakeInstancesAfterBackupRestoration (80ms)
Platform modules already initialized, skipping
Switching build target platform(19) subTarget(0) extendedPlatform(0) -> platform(13) subTarget(537395200) extendedPlatform(0)
Refreshing native plugins compatible for Editor in 1.34 ms, found 3 plugins.
Preloading 0 native plugins for Editor in 0.00 ms.
Unloading 2124 Unused Serialized files (Serialized files now loaded: 0)
System memory in use before: 112.8 MB.
System memory in use after: 112.8 MB.

Unloading 21 unused Assets to reduce memory usage. Loaded Objects now: 2972.
Total: 7.032600 ms (FindLiveObjects: 0.565300 ms CreateObjectMapping: 0.116700 ms MarkObjects: 6.035800 ms  DeleteObjects: 0.312400 ms)

AssetImportParameters requested are different than current active one (requested -> active):
  custom:framework-win-MediaFoundation: 216162199b28c13a410421893ffa2e32 -> 
  custom:video-decoder-ogg-theora: a1e56fd34408186e4bbccfd4996cb3dc -> 
  custom:container-muxer-webm: aa71ff27fc2769a1b78a27578f13a17b -> 
  custom:container-demuxer-webm: 4f35f7cbe854078d1ac9338744f61a02 -> 
  custom:container-demuxer-ogg: 62fdf1f143b41e24485cea50d1cbac27 -> 
  custom:video-encoder-webm-vp8: eb34c28f22e8b96e1ab97ce403110664 -> 
  custom:video-decoder-webm-vp8: 9c59270c3fd7afecdb556c50c9e8de78 -> 
  custom:graphics/normal-map-encoding: 01000000000000000000000000000000 -> 02000000000000000000000000000000
  custom:audio-decoder-ogg-vorbis: bf7c407c2cedff20999df2af8eb42d56 -> 
  custom:audio-encoder-webm-vorbis: bf7c407c2cedff20999df2af8eb42d56 -> 
========================================================================
Received Import Request.
  Time since last request: 227.700295 seconds.
  path: Assets/Sprites/BlackPl/die.PNG
  artifactKey: Guid(7632cd00052432d468c3a5f50cde0f8c) Importer(815301076,1909f56bfc062723c751e8b465ee728b)
Start importing Assets/Sprites/BlackPl/die.PNG using Guid(7632cd00052432d468c3a5f50cde0f8c) Importer(815301076,1909f56bfc062723c751e8b465ee728b)  -> (artifact id: '5114ffb3e9d744dacf94a38e6b7bc8df') in 0.143836 seconds 
AssetImportWorkerClient::OnTransportError - code=2 error=End of file
